<?xml version="1.0" encoding="UTF-8"?>
<con:testCase id="42c142ee-56e1-419c-8316-b43a73809b28" discardOkResults="false" failOnError="false" failTestCaseOnErrors="true" keepSession="false" name="Test Case 1" searchProperties="true" timeout="0" xmlns:con="http://eviware.com/soapui/config">
  <con:settings>
    <con:setting id="42c142ee-56e1-419c-8316-b43a73809b28fileName">Test-Case-1</con:setting>
  </con:settings>
  <con:savedRecentRuns>1</con:savedRecentRuns>
  <con:testStep type="datasource" name="Data Source" id="b7eefca1-1bf4-476a-b0b4-af99d30dac03">
    <con:settings/>
    <con:config xsi:type="con:DataSourceStep" xmlns:xsi="http://www.w3.org/2001/XMLSchema-instance">
      <con:dataSource type="Excel">
        <con:configuration>
          <file>C:/Users/Corey.Vernon/Desktop/Gartner/GartnerData.xlsx</file>
          <worksheet/>
          <cell>A1</cell>
          <ignoreEmpty>false</ignoreEmpty>
          <evaluateFormulas>false</evaluateFormulas>
        </con:configuration>
      </con:dataSource>
      <con:shared>true</con:shared>
      <con:restartShared>true</con:restartShared>
      <con:property>itemName</con:property>
      <con:property>itemID</con:property>
      <con:property>manName</con:property>
      <con:property>manPhone</con:property>
      <con:property>itemNumber</con:property>
      <con:startRow>1</con:startRow>
      <con:endRow/>
      <con:recordsPerIteration>1</con:recordsPerIteration>
      <con:completeLastOperation>true</con:completeLastOperation>
      <con:trimValues>false</con:trimValues>
      <con:entitizeValues>false</con:entitizeValues>
      <con:restartOnRun>true</con:restartOnRun>
      <con:expandProperties>false</con:expandProperties>
    </con:config>
  </con:testStep>
  <con:testStep type="restrequest" name="REST Request" id="e9ec2acb-a708-4c76-b732-5947f877b8f1">
    <con:settings/>
    <con:config service="Magic API" resourcePath="/inventory" methodName="searchInventory" xsi:type="con:RestRequestStep" xmlns:xsi="http://www.w3.org/2001/XMLSchema-instance">
      <con:restRequest name="REST Request" id="4a7a448b-35f4-4f46-a503-3afa21add472" mediaType="application/json">
        <con:settings>
          <con:setting id="com.eviware.soapui.impl.wsdl.WsdlRequest@request-headers">&lt;xml-fragment/></con:setting>
        </con:settings>
        <con:endpoint>https://virtserver.swaggerhub.com/Corey_Projects/Magic/2.0.0</con:endpoint>
        <con:request/>
        <con:originalUri>https://virtserver.swaggerhub.com/Corey_Projects/Magic/2.0.0/inventory</con:originalUri>
        <con:assertion type="Valid HTTP Status Codes" id="f2badfe2-e893-4f4d-a133-db5903468e8f" name="Valid HTTP Status Codes">
          <con:settings/>
          <con:configuration>
            <codes>200</codes>
          </con:configuration>
        </con:assertion>
        <con:assertion type="SwaggerComplianceAssertion" id="5d4ddde0-16a3-4f17-a218-19208b395afe" name="Swagger Compliance Assertion">
          <con:configuration>
            <swaggerUrl>https://app.swaggerhub.com/apis/Corey_Projects/Magic/2.0.0</swaggerUrl>
            <strictMode>true</strictMode>
          </con:configuration>
        </con:assertion>
        <con:assertion type="JsonPath Match" id="ae4de83c-27a7-44e5-b706-53368826d3c3" name="Match content of [name]">
          <con:configuration>
            <path>$[0]['name']</path>
            <content>${Data Source#itemNumber}</content>
            <allowWildcards>false</allowWildcards>
            <ignoreNamspaceDifferences>false</ignoreNamspaceDifferences>
            <ignoreComments>false</ignoreComments>
          </con:configuration>
        </con:assertion>
        <con:credentials>
          <con:selectedAuthProfile>No Authorization</con:selectedAuthProfile>
          <con:authType>No Authorization</con:authType>
        </con:credentials>
        <con:jmsConfig JMSDeliveryMode="PERSISTENT"/>
        <con:parameters>
          <con:entry key="itemNumber" value="${Data Source#itemNumber}"/>
        </con:parameters>
        <con:parameterOrder>
          <con:entry>itemNumber</con:entry>
        </con:parameterOrder>
      </con:restRequest>
    </con:config>
  </con:testStep>
  <con:testStep type="datasourceloop" name="Data Source Loop" id="49a48942-5480-4f05-b041-2b26843786b4">
    <con:settings/>
    <con:config>
      <dataSourceStep>Data Source</dataSourceStep>
      <targetStep>REST Request</targetStep>
      <discardResults>false</discardResults>
    </con:config>
  </con:testStep>
  <con:properties/>
  <con:reportParameters/>
  <con:breakPoints>
    <con:testStepId>b7eefca1-1bf4-476a-b0b4-af99d30dac03</con:testStepId>
    <con:status>NONE</con:status>
    <con:properties/>
  </con:breakPoints>
  <con:breakPoints>
    <con:testStepId>e9ec2acb-a708-4c76-b732-5947f877b8f1</con:testStepId>
    <con:status>NONE</con:status>
    <con:properties/>
  </con:breakPoints>
</con:testCase>
