<?xml version="1.0" encoding="UTF-8"?>
<con:testCase id="42c142ee-56e1-419c-8316-b43a73809b28" discardOkResults="false" failOnError="false" failTestCaseOnErrors="true" keepSession="false" name="Test Case 1" searchProperties="true" timeout="0" xmlns:con="http://eviware.com/soapui/config">
  <con:settings>
    <con:setting id="42c142ee-56e1-419c-8316-b43a73809b28fileName">Test-Case-1</con:setting>
  </con:settings>
  <con:savedRecentRuns>1</con:savedRecentRuns>
  <con:testStep type="datasource" name="Data Source" id="c1e363ed-7d01-4ead-a05b-d2c66d1cbf44">
    <con:settings/>
    <con:config xsi:type="con:DataSourceStep" xmlns:xsi="http://www.w3.org/2001/XMLSchema-instance">
      <con:dataSource type="Excel">
        <con:configuration>
          <file>C:/Users/Corey.Vernon/Desktop/Gartner/GartnerData.xlsx</file>
          <worksheet/>
          <cell>A1</cell>
          <ignoreEmpty>false</ignoreEmpty>
          <evaluateFormulas>false</evaluateFormulas>
        </con:configuration>
      </con:dataSource>
      <con:shared>true</con:shared>
      <con:restartShared>true</con:restartShared>
      <con:property>itemName</con:property>
      <con:property>itemID</con:property>
      <con:property>manName</con:property>
      <con:property>manPhone</con:property>
      <con:property>itemNumber</con:property>
      <con:startRow>1</con:startRow>
      <con:endRow/>
      <con:recordsPerIteration>1</con:recordsPerIteration>
      <con:completeLastOperation>true</con:completeLastOperation>
      <con:trimValues>false</con:trimValues>
      <con:entitizeValues>false</con:entitizeValues>
      <con:restartOnRun>true</con:restartOnRun>
      <con:expandProperties>false</con:expandProperties>
    </con:config>
  </con:testStep>
  <con:testStep type="restrequest" name="REST Request" id="82710e43-8108-477e-a3a9-6753207bacd1">
    <con:settings/>
    <con:config service="GMQ2 API" resourcePath="/inventory" methodName="searchInventory" xsi:type="con:RestRequestStep" xmlns:xsi="http://www.w3.org/2001/XMLSchema-instance">
      <con:restRequest name="REST Request" id="88ca776b-3e47-4855-ae1f-1c3f8cf1deba" mediaType="application/json">
        <con:settings>
          <con:setting id="com.eviware.soapui.impl.wsdl.WsdlRequest@request-headers">&lt;xml-fragment/></con:setting>
        </con:settings>
        <con:endpoint>https://virtserver.swaggerhub.com/Corey_Projects/GMQ2/2.0.0</con:endpoint>
        <con:request/>
        <con:originalUri>https://virtserver.swaggerhub.com/Corey_Projects/GMQ2/2.0.0/inventory</con:originalUri>
        <con:assertion type="Valid HTTP Status Codes" id="0dd5d4ce-5a7a-42d4-936c-41f5ebf45ec2" name="Valid HTTP Status Codes">
          <con:settings/>
          <con:configuration>
            <codes>200</codes>
          </con:configuration>
        </con:assertion>
        <con:assertion type="SwaggerComplianceAssertion" id="056fd768-70bc-4e4d-846b-cfe579fec63d" name="Swagger Compliance Assertion">
          <con:configuration>
            <swaggerUrl>https://app.swaggerhub.com/apis/Corey_Projects/GMQ2/1.0.0</swaggerUrl>
            <strictMode>true</strictMode>
          </con:configuration>
        </con:assertion>
        <con:assertion type="JsonPath Match" id="60174e35-f192-4ea4-8027-18fbc300174b" name="Match content of [name]">
          <con:configuration>
            <path>$[0]['name']</path>
            <content>${Data Source#itemName}</content>
            <allowWildcards>false</allowWildcards>
            <ignoreNamspaceDifferences>false</ignoreNamspaceDifferences>
            <ignoreComments>false</ignoreComments>
          </con:configuration>
        </con:assertion>
        <con:credentials>
          <con:selectedAuthProfile>No Authorization</con:selectedAuthProfile>
          <con:authType>No Authorization</con:authType>
        </con:credentials>
        <con:jmsConfig JMSDeliveryMode="PERSISTENT"/>
        <con:parameters>
          <con:entry key="itemNumber" value="${Data Source#itemNumber}"/>
        </con:parameters>
        <con:parameterOrder>
          <con:entry>itemNumber</con:entry>
        </con:parameterOrder>
      </con:restRequest>
    </con:config>
  </con:testStep>
  <con:testStep type="datasourceloop" name="Data Source Loop" id="83afb1ef-0160-48b2-a455-71a87ca3550c">
    <con:settings/>
    <con:config>
      <dataSourceStep>Data Source</dataSourceStep>
      <targetStep>Data Source</targetStep>
      <discardResults>false</discardResults>
    </con:config>
  </con:testStep>
  <con:properties/>
  <con:reportParameters/>
  <con:breakPoints>
    <con:testStepId>82710e43-8108-477e-a3a9-6753207bacd1</con:testStepId>
    <con:status>NONE</con:status>
    <con:properties/>
  </con:breakPoints>
</con:testCase>
